<?xml version="1.0" encoding="UTF-8"?>
<!-- Generated by org.testng.reporters.JUnitXMLReporter -->
<testsuite ignored="0" hostname="DESKTOP-SBJ8DN3" failures="0" tests="6" name="Default test" time="26.696" errors="0" timestamp="2023-01-04T16:39:23 IST">
  <testcase classname="com.aiite.excelRead.TestCases" name="testCase" time="4.51"/>
  <testcase classname="com.aiite.excelRead.TestCases" name="testCase" time="1.519"/>
  <testcase classname="com.aiite.excelRead.TestCases" name="testCase" time="1.401"/>
  <testcase classname="com.aiite.excelRead.TestCases" name="testCase" time="2.192"/>
  <testcase classname="com.aiite.excelRead.TestCases" name="testCase" time="2.287"/>
  <testcase classname="com.aiite.excelRead.TestCases" name="testCase" time="2.534"/>
</testsuite> <!-- Default test -->
