<?xml version="1.0" encoding="UTF-8"?>
<!-- Generated by org.testng.reporters.JUnitXMLReporter -->
<testsuite ignored="0" hostname="DESKTOP-SBJ8DN3" failures="0" tests="6" name="Test" time="17.673" errors="0" timestamp="2023-01-04T18:16:07 IST">
  <testcase classname="com.aiite.excelRead.TestCases" name="testCase" time="6.145"/>
  <testcase classname="com.aiite.excelRead.TestCases" name="testCase" time="2.205"/>
  <testcase classname="com.aiite.excelRead.TestCases" name="testCase" time="1.402"/>
  <testcase classname="com.aiite.excelRead.TestCases" name="testCase" time="1.309"/>
  <testcase classname="com.aiite.excelRead.TestCases" name="testCase" time="1.226"/>
  <testcase classname="com.aiite.excelRead.TestCases" name="testCase" time="1.278"/>
</testsuite> <!-- Test -->
