<?xml version="1.0" encoding="UTF-8"?>
<testng-results ignored="0" total="7" passed="6" failed="1" skipped="0">
  <reporter-output>
  </reporter-output>
  <suite started-at="2023-01-04T20:02:47 IST" name="Default suite" finished-at="2023-01-04T20:03:16 IST" duration-ms="29216">
    <groups>
    </groups>
    <test started-at="2023-01-04T20:02:47 IST" name="Default test" finished-at="2023-01-04T20:03:16 IST" duration-ms="29216">
      <class name="com.aiite.excelRead.TestCases">
        <test-method is-config="true" signature="browserSetUp()[pri:0, instance:com.aiite.excelRead.TestCases@4d465b11]" started-at="2023-01-04T20:02:30 IST" name="browserSetUp" finished-at="2023-01-04T20:02:47 IST" duration-ms="17524" status="PASS">
          <reporter-output>
          </reporter-output>
        </test-method> <!-- browserSetUp -->
        <test-method signature="testCase([Ljava.lang.String;)[pri:0, instance:com.aiite.excelRead.TestCases@4d465b11]" started-at="2023-01-04T20:02:57 IST" name="testCase" data-provider="getDataExcel" finished-at="2023-01-04T20:03:06 IST" duration-ms="9256" status="PASS">
          <params>
            <param index="0">
              <value>
                <![CDATA[[Ljava.lang.String;@3e47a03]]>
              </value>
            </param>
          </params>
          <reporter-output>
          </reporter-output>
        </test-method> <!-- testCase -->
        <test-method signature="testCase([Ljava.lang.String;)[pri:0, instance:com.aiite.excelRead.TestCases@4d465b11]" started-at="2023-01-04T20:03:06 IST" name="testCase" data-provider="getDataExcel" finished-at="2023-01-04T20:03:08 IST" duration-ms="1701" status="PASS">
          <params>
            <param index="0">
              <value>
                <![CDATA[[Ljava.lang.String;@5d425813]]>
              </value>
            </param>
          </params>
          <reporter-output>
          </reporter-output>
        </test-method> <!-- testCase -->
        <test-method signature="testCase([Ljava.lang.String;)[pri:0, instance:com.aiite.excelRead.TestCases@4d465b11]" started-at="2023-01-04T20:03:08 IST" name="testCase" data-provider="getDataExcel" finished-at="2023-01-04T20:03:09 IST" duration-ms="1495" status="PASS">
          <params>
            <param index="0">
              <value>
                <![CDATA[[Ljava.lang.String;@7dd611c8]]>
              </value>
            </param>
          </params>
          <reporter-output>
          </reporter-output>
        </test-method> <!-- testCase -->
        <test-method signature="testCase([Ljava.lang.String;)[pri:0, instance:com.aiite.excelRead.TestCases@4d465b11]" started-at="2023-01-04T20:03:09 IST" name="testCase" data-provider="getDataExcel" finished-at="2023-01-04T20:03:12 IST" duration-ms="2509" status="PASS">
          <params>
            <param index="0">
              <value>
                <![CDATA[[Ljava.lang.String;@1702830d]]>
              </value>
            </param>
          </params>
          <reporter-output>
          </reporter-output>
        </test-method> <!-- testCase -->
        <test-method signature="testCase([Ljava.lang.String;)[pri:0, instance:com.aiite.excelRead.TestCases@4d465b11]" started-at="2023-01-04T20:03:12 IST" name="testCase" data-provider="getDataExcel" finished-at="2023-01-04T20:03:14 IST" duration-ms="2169" status="PASS">
          <params>
            <param index="0">
              <value>
                <![CDATA[[Ljava.lang.String;@7d9ba6c]]>
              </value>
            </param>
          </params>
          <reporter-output>
          </reporter-output>
        </test-method> <!-- testCase -->
        <test-method signature="testCase([Ljava.lang.String;)[pri:0, instance:com.aiite.excelRead.TestCases@4d465b11]" started-at="2023-01-04T20:03:14 IST" name="testCase" data-provider="getDataExcel" finished-at="2023-01-04T20:03:16 IST" duration-ms="2514" status="PASS">
          <params>
            <param index="0">
              <value>
                <![CDATA[[Ljava.lang.String;@8deb645]]>
              </value>
            </param>
          </params>
          <reporter-output>
          </reporter-output>
        </test-method> <!-- testCase -->
        <test-method signature="testCase2(org.testng.ITestResult)[pri:0, instance:com.aiite.excelRead.TestCases@4d465b11]" started-at="2023-01-04T20:03:16 IST" name="testCase2" finished-at="2023-01-04T20:03:16 IST" duration-ms="0" status="FAIL">
          <exception class="org.testng.TestNGException">
            <message>
              <![CDATA[
Cannot inject @Test annotated Method [testCase2] with [interface org.testng.ITestResult].
For more information on native dependency injection please refer to https://testng.org/doc/documentation-main.html#native-dependency-injection]]>
            </message>
            <full-stacktrace>
              <![CDATA[org.testng.TestNGException: 
Cannot inject @Test annotated Method [testCase2] with [interface org.testng.ITestResult].
For more information on native dependency injection please refer to https://testng.org/doc/documentation-main.html#native-dependency-injection
at org.testng.internal.Parameters.checkParameterTypes(Parameters.java:439)
at org.testng.internal.Parameters.createParametersForMethod(Parameters.java:353)
at org.testng.internal.Parameters.createParameters(Parameters.java:708)
at org.testng.internal.Parameters.handleParameters(Parameters.java:884)
at org.testng.internal.Parameters.handleParameters(Parameters.java:740)
at org.testng.internal.ParameterHandler.handleParameters(ParameterHandler.java:59)
at org.testng.internal.ParameterHandler.createParameters(ParameterHandler.java:38)
at org.testng.internal.TestInvoker$MethodInvocationAgent.invoke(TestInvoker.java:791)
at org.testng.internal.TestInvoker.invokeTestMethods(TestInvoker.java:146)
at org.testng.internal.TestMethodWorker.invokeTestMethods(TestMethodWorker.java:146)
at org.testng.internal.TestMethodWorker.run(TestMethodWorker.java:128)
at java.base/java.util.ArrayList.forEach(ArrayList.java:1511)
at org.testng.TestRunner.privateRun(TestRunner.java:794)
at org.testng.TestRunner.run(TestRunner.java:596)
at org.testng.SuiteRunner.runTest(SuiteRunner.java:377)
at org.testng.SuiteRunner.runSequentially(SuiteRunner.java:371)
at org.testng.SuiteRunner.privateRun(SuiteRunner.java:332)
at org.testng.SuiteRunner.run(SuiteRunner.java:276)
at org.testng.SuiteRunnerWorker.runSuite(SuiteRunnerWorker.java:53)
at org.testng.SuiteRunnerWorker.run(SuiteRunnerWorker.java:96)
at org.testng.TestNG.runSuitesSequentially(TestNG.java:1212)
at org.testng.TestNG.runSuitesLocally(TestNG.java:1134)
at org.testng.TestNG.runSuites(TestNG.java:1063)
at org.testng.TestNG.run(TestNG.java:1031)
at org.testng.remote.AbstractRemoteTestNG.run(AbstractRemoteTestNG.java:115)
at org.testng.remote.RemoteTestNG.initAndRun(RemoteTestNG.java:251)
at org.testng.remote.RemoteTestNG.main(RemoteTestNG.java:77)
]]>
            </full-stacktrace>
          </exception> <!-- org.testng.TestNGException -->
          <reporter-output>
          </reporter-output>
        </test-method> <!-- testCase2 -->
        <test-method is-config="true" signature="browserClose()[pri:0, instance:com.aiite.excelRead.TestCases@4d465b11]" started-at="2023-01-04T20:03:18 IST" name="browserClose" finished-at="2023-01-04T20:03:28 IST" duration-ms="9264" status="PASS">
          <reporter-output>
          </reporter-output>
        </test-method> <!-- browserClose -->
      </class> <!-- com.aiite.excelRead.TestCases -->
    </test> <!-- Default test -->
  </suite> <!-- Default suite -->
</testng-results>
