<?xml version="1.0" encoding="UTF-8"?>
<testng-results ignored="0" total="6" passed="6" failed="0" skipped="0">
  <reporter-output>
  </reporter-output>
  <suite started-at="2023-01-04T16:38:56 IST" name="Default suite" finished-at="2023-01-04T16:39:22 IST" duration-ms="26696">
    <groups>
    </groups>
    <test started-at="2023-01-04T16:38:56 IST" name="Default test" finished-at="2023-01-04T16:39:22 IST" duration-ms="26696">
      <class name="com.aiite.excelRead.TestCases">
        <test-method is-config="true" signature="browserSetUp()[pri:0, instance:com.aiite.excelRead.TestCases@662b4c69]" started-at="2023-01-04T16:38:44 IST" name="browserSetUp" finished-at="2023-01-04T16:38:56 IST" duration-ms="11752" status="PASS">
          <reporter-output>
          </reporter-output>
        </test-method> <!-- browserSetUp -->
        <test-method signature="testCase([Ljava.lang.String;)[pri:0, instance:com.aiite.excelRead.TestCases@662b4c69]" started-at="2023-01-04T16:39:08 IST" name="testCase" data-provider="getDataExcel" finished-at="2023-01-04T16:39:12 IST" duration-ms="4510" status="PASS">
          <params>
            <param index="0">
              <value>
                <![CDATA[[Ljava.lang.String;@72725ee1]]>
              </value>
            </param>
          </params>
          <reporter-output>
          </reporter-output>
        </test-method> <!-- testCase -->
        <test-method signature="testCase([Ljava.lang.String;)[pri:0, instance:com.aiite.excelRead.TestCases@662b4c69]" started-at="2023-01-04T16:39:12 IST" name="testCase" data-provider="getDataExcel" finished-at="2023-01-04T16:39:14 IST" duration-ms="1519" status="PASS">
          <params>
            <param index="0">
              <value>
                <![CDATA[[Ljava.lang.String;@54657dd2]]>
              </value>
            </param>
          </params>
          <reporter-output>
          </reporter-output>
        </test-method> <!-- testCase -->
        <test-method signature="testCase([Ljava.lang.String;)[pri:0, instance:com.aiite.excelRead.TestCases@662b4c69]" started-at="2023-01-04T16:39:14 IST" name="testCase" data-provider="getDataExcel" finished-at="2023-01-04T16:39:15 IST" duration-ms="1401" status="PASS">
          <params>
            <param index="0">
              <value>
                <![CDATA[[Ljava.lang.String;@706eab5d]]>
              </value>
            </param>
          </params>
          <reporter-output>
          </reporter-output>
        </test-method> <!-- testCase -->
        <test-method signature="testCase([Ljava.lang.String;)[pri:0, instance:com.aiite.excelRead.TestCases@662b4c69]" started-at="2023-01-04T16:39:15 IST" name="testCase" data-provider="getDataExcel" finished-at="2023-01-04T16:39:17 IST" duration-ms="2192" status="PASS">
          <params>
            <param index="0">
              <value>
                <![CDATA[[Ljava.lang.String;@24b4d544]]>
              </value>
            </param>
          </params>
          <reporter-output>
          </reporter-output>
        </test-method> <!-- testCase -->
        <test-method signature="testCase([Ljava.lang.String;)[pri:0, instance:com.aiite.excelRead.TestCases@662b4c69]" started-at="2023-01-04T16:39:17 IST" name="testCase" data-provider="getDataExcel" finished-at="2023-01-04T16:39:20 IST" duration-ms="2287" status="PASS">
          <params>
            <param index="0">
              <value>
                <![CDATA[[Ljava.lang.String;@2330e3e0]]>
              </value>
            </param>
          </params>
          <reporter-output>
          </reporter-output>
        </test-method> <!-- testCase -->
        <test-method signature="testCase([Ljava.lang.String;)[pri:0, instance:com.aiite.excelRead.TestCases@662b4c69]" started-at="2023-01-04T16:39:20 IST" name="testCase" data-provider="getDataExcel" finished-at="2023-01-04T16:39:22 IST" duration-ms="2534" status="PASS">
          <params>
            <param index="0">
              <value>
                <![CDATA[[Ljava.lang.String;@27a2a089]]>
              </value>
            </param>
          </params>
          <reporter-output>
          </reporter-output>
        </test-method> <!-- testCase -->
      </class> <!-- com.aiite.excelRead.TestCases -->
    </test> <!-- Default test -->
  </suite> <!-- Default suite -->
</testng-results>
